[0.007s] Invoking command in '/home/utec/try_opt/build/ur5_scaled_sender': CMAKE_PREFIX_PATH=${CMAKE_PREFIX_PATH}:/opt/ros/humble /usr/bin/cmake --build /home/utec/try_opt/build/ur5_scaled_sender -- -j8 -l8
[0.045s] [ 25%] Built target test_jacobian
[0.047s] [ 50%] Built target scaled_traj_publisher
[0.058s] [ 87%] Built target opt_teleop_pinocchio
[0.058s] [ 87%] [32mBuilding CXX object CMakeFiles/opt_teleop.dir/src/opt_teleop.cpp.o[0m
[5.032s] [01m[K/home/utec/try_opt/src/ur5_scaled_sender/src/opt_teleop.cpp:[m[K In member function â€˜[01m[Kvoid OptTeleop::control_loop()[m[Kâ€™:
[5.032s] [01m[K/home/utec/try_opt/src/ur5_scaled_sender/src/opt_teleop.cpp:198:13:[m[K [01;31m[Kerror: [m[Kâ€˜[01m[Kfinal_err[m[Kâ€™ was not declared in this scope
[5.032s]   198 |             [01;31m[Kfinal_err[m[K = err_norm;
[5.032s]       |             [01;31m[K^~~~~~~~~[m[K
[21.887s] gmake[2]: *** [CMakeFiles/opt_teleop.dir/build.make:76: CMakeFiles/opt_teleop.dir/src/opt_teleop.cpp.o] Error 1
[21.887s] gmake[1]: *** [CMakeFiles/Makefile2:169: CMakeFiles/opt_teleop.dir/all] Error 2
[21.887s] gmake: *** [Makefile:146: all] Error 2
[21.888s] Invoked command in '/home/utec/try_opt/build/ur5_scaled_sender' returned '2': CMAKE_PREFIX_PATH=${CMAKE_PREFIX_PATH}:/opt/ros/humble /usr/bin/cmake --build /home/utec/try_opt/build/ur5_scaled_sender -- -j8 -l8
