[35m[1mConsolidate compiler generated dependencies of target opt_teleop[0m
[ 25%] Built target scaled_traj_publisher
[ 50%] Built target test_jacobian
[ 75%] Built target opt_teleop_pinocchio
[ 87%] [32m[1mLinking CXX executable opt_teleop[0m
/usr/bin/ld: /usr/lib/gcc/x86_64-linux-gnu/11/../../../x86_64-linux-gnu/Scrt1.o: in function `_start':
(.text+0x1b): undefined reference to `main'
collect2: error: ld returned 1 exit status
gmake[2]: *** [CMakeFiles/opt_teleop.dir/build.make:186: opt_teleop] Error 1
gmake[1]: *** [CMakeFiles/Makefile2:169: CMakeFiles/opt_teleop.dir/all] Error 2
gmake: *** [Makefile:146: all] Error 2
