-- Found ament_cmake: 1.3.0 (/usr/share/ament_cmake/cmake)
-- Found rclcpp: 16.0.16 (/opt/ros/humble/share/rclcpp/cmake)
-- Found rosidl_generator_c: 3.1.7 (/opt/ros/humble/share/rosidl_generator_c/cmake)
-- Found rosidl_adapter: 3.1.7 (/opt/ros/humble/share/rosidl_adapter/cmake)
-- Found rosidl_generator_cpp: 3.1.7 (/opt/ros/humble/share/rosidl_generator_cpp/cmake)
-- Using all available rosidl_typesupport_c: rosidl_typesupport_fastrtps_c;rosidl_typesupport_introspection_c
-- Using all available rosidl_typesupport_cpp: rosidl_typesupport_fastrtps_cpp;rosidl_typesupport_introspection_cpp
-- Found rmw_implementation_cmake: 6.1.2 (/opt/ros/humble/share/rmw_implementation_cmake/cmake)
-- Found rmw_fastrtps_cpp: 6.2.9 (/opt/ros/humble/share/rmw_fastrtps_cpp/cmake)
-- Using RMW implementation 'rmw_fastrtps_cpp' as default
-- Found trajectory_msgs: 4.9.0 (/opt/ros/humble/share/trajectory_msgs/cmake)
-- Found sensor_msgs: 4.9.0 (/opt/ros/humble/share/sensor_msgs/cmake)
-- Found eigen3_cmake_module: 0.1.1 (/opt/ros/humble/share/eigen3_cmake_module/cmake)
-- pinocchio_default FOUND. pinocchio_default at /usr/local/lib/libpinocchio_default.so
-- pinocchio_parsers FOUND. pinocchio_parsers at /usr/local/lib/libpinocchio_parsers.so
-- boost_filesystem FOUND. boost_filesystem at /usr/lib/x86_64-linux-gnu/libboost_filesystem.so
-- Found Eigen3: TRUE (found version "3.4.0") 
-- Found Boost: /usr/include (found version "1.74.0") found components: filesystem serialization system 
-- Default C++ standard: 201703
-- Minimal C++ standard upgraded to 11
-- C++ standard sufficient: Minimal required 11, currently defined: 17
-- Configuring done
-- Generating done
-- Build files have been written to: /home/utec/try_opt/build/ur5_scaled_sender
[35m[1mConsolidate compiler generated dependencies of target test_jacobian[0m
[35m[1mConsolidate compiler generated dependencies of target opt_teleop[0m
[35m[1mConsolidate compiler generated dependencies of target scaled_traj_publisher[0m
[ 12%] [32mBuilding CXX object CMakeFiles/opt_teleop_pinocchio.dir/src/opt_teleop_pinocchio.cpp.o[0m
[ 25%] [32mBuilding CXX object CMakeFiles/opt_teleop.dir/src/opt_teleop.cpp.o[0m
[ 50%] Built target test_jacobian
[ 75%] Built target scaled_traj_publisher
[01m[K/home/utec/try_opt/src/ur5_scaled_sender/src/opt_teleop.cpp:[m[K In member function â€˜[01m[Kvoid OptTeleop::control_loop()[m[Kâ€™:
[01m[K/home/utec/try_opt/src/ur5_scaled_sender/src/opt_teleop.cpp:130:13:[m[K [01;31m[Kerror: [m[Kâ€˜[01m[Kstuck_count_[m[Kâ€™ was not declared in this scope
  130 |             [01;31m[Kstuck_count_[m[K = 0;
      |             [01;31m[K^~~~~~~~~~~~[m[K
[01m[K/home/utec/try_opt/src/ur5_scaled_sender/src/opt_teleop.cpp:136:13:[m[K [01;31m[Kerror: [m[Kâ€˜[01m[Kkin_[m[Kâ€™ was not declared in this scope
  136 |             [01;31m[Kkin_[m[K.compute(q_cmd_, T_ee, J);
      |             [01;31m[K^~~~[m[K
[01m[K/home/utec/try_opt/src/ur5_scaled_sender/src/opt_teleop.cpp:136:34:[m[K [01;31m[Kerror: [m[Kâ€˜[01m[KT_ee[m[Kâ€™ was not declared in this scope
  136 |             kin_.compute(q_cmd_, [01;31m[KT_ee[m[K, J);
      |                                  [01;31m[K^~~~[m[K
[01m[K/home/utec/try_opt/src/ur5_scaled_sender/src/opt_teleop.cpp:136:40:[m[K [01;31m[Kerror: [m[Kâ€˜[01m[KJ[m[Kâ€™ was not declared in this scope
  136 |             kin_.compute(q_cmd_, T_ee, [01;31m[KJ[m[K);
      |                                        [01;31m[K^[m[K
[01m[K/home/utec/try_opt/src/ur5_scaled_sender/src/opt_teleop.cpp:222:9:[m[K [01;31m[Kerror: [m[Kâ€˜[01m[Kkin_[m[Kâ€™ was not declared in this scope
  222 |         [01;31m[Kkin_[m[K.compute(q_cmd_, T_ee, J);
      |         [01;31m[K^~~~[m[K
[01m[K/home/utec/try_opt/src/ur5_scaled_sender/src/opt_teleop.cpp:222:30:[m[K [01;31m[Kerror: [m[Kâ€˜[01m[KT_ee[m[Kâ€™ was not declared in this scope
  222 |         kin_.compute(q_cmd_, [01;31m[KT_ee[m[K, J);
      |                              [01;31m[K^~~~[m[K
[01m[K/home/utec/try_opt/src/ur5_scaled_sender/src/opt_teleop.cpp:222:36:[m[K [01;31m[Kerror: [m[Kâ€˜[01m[KJ[m[Kâ€™ was not declared in this scope
  222 |         kin_.compute(q_cmd_, T_ee, [01;31m[KJ[m[K);
      |                                    [01;31m[K^[m[K
gmake[2]: *** [CMakeFiles/opt_teleop.dir/build.make:76: CMakeFiles/opt_teleop.dir/src/opt_teleop.cpp.o] Error 1
gmake[1]: *** [CMakeFiles/Makefile2:169: CMakeFiles/opt_teleop.dir/all] Error 2
gmake[1]: *** Waiting for unfinished jobs....
[ 87%] [32m[1mLinking CXX executable opt_teleop_pinocchio[0m
[ 87%] Built target opt_teleop_pinocchio
gmake: *** [Makefile:146: all] Error 2
