[0.008s] Invoking command in '/home/utec/try_opt/build/ur5_scaled_sender': CMAKE_PREFIX_PATH=/opt/ros/humble /usr/bin/cmake --build /home/utec/try_opt/build/ur5_scaled_sender -- -j8 -l8
[0.029s] -- Found ament_cmake: 1.3.0 (/usr/share/ament_cmake/cmake)
[0.149s] -- Found rclcpp: 16.0.16 (/opt/ros/humble/share/rclcpp/cmake)
[0.181s] -- Found rosidl_generator_c: 3.1.7 (/opt/ros/humble/share/rosidl_generator_c/cmake)
[0.181s] -- Found rosidl_adapter: 3.1.7 (/opt/ros/humble/share/rosidl_adapter/cmake)
[0.188s] -- Found rosidl_generator_cpp: 3.1.7 (/opt/ros/humble/share/rosidl_generator_cpp/cmake)
[0.202s] -- Using all available rosidl_typesupport_c: rosidl_typesupport_fastrtps_c;rosidl_typesupport_introspection_c
[0.221s] -- Using all available rosidl_typesupport_cpp: rosidl_typesupport_fastrtps_cpp;rosidl_typesupport_introspection_cpp
[0.271s] -- Found rmw_implementation_cmake: 6.1.2 (/opt/ros/humble/share/rmw_implementation_cmake/cmake)
[0.272s] -- Found rmw_fastrtps_cpp: 6.2.9 (/opt/ros/humble/share/rmw_fastrtps_cpp/cmake)
[0.370s] -- Using RMW implementation 'rmw_fastrtps_cpp' as default
[0.499s] -- Found trajectory_msgs: 4.9.0 (/opt/ros/humble/share/trajectory_msgs/cmake)
[0.596s] -- Found sensor_msgs: 4.9.0 (/opt/ros/humble/share/sensor_msgs/cmake)
[0.662s] -- Found eigen3_cmake_module: 0.1.1 (/opt/ros/humble/share/eigen3_cmake_module/cmake)
[0.679s] -- pinocchio_default FOUND. pinocchio_default at /usr/local/lib/libpinocchio_default.so
[0.679s] -- pinocchio_parsers FOUND. pinocchio_parsers at /usr/local/lib/libpinocchio_parsers.so
[0.680s] -- boost_filesystem FOUND. boost_filesystem at /usr/lib/x86_64-linux-gnu/libboost_filesystem.so
[0.681s] -- Found Eigen3: TRUE (found version "3.4.0") 
[0.720s] -- Found Boost: /usr/include (found version "1.74.0") found components: filesystem serialization system 
[0.998s] -- Default C++ standard: 201703
[0.998s] -- Minimal C++ standard upgraded to 11
[0.998s] -- C++ standard sufficient: Minimal required 11, currently defined: 17
[1.054s] -- Configuring done
[1.068s] -- Generating done
[1.074s] -- Build files have been written to: /home/utec/try_opt/build/ur5_scaled_sender
[1.096s] [35m[1mConsolidate compiler generated dependencies of target test_jacobian[0m
[1.097s] [35m[1mConsolidate compiler generated dependencies of target opt_teleop[0m
[1.097s] [35m[1mConsolidate compiler generated dependencies of target scaled_traj_publisher[0m
[1.105s] [ 12%] [32mBuilding CXX object CMakeFiles/opt_teleop_pinocchio.dir/src/opt_teleop_pinocchio.cpp.o[0m
[1.112s] [ 25%] [32mBuilding CXX object CMakeFiles/opt_teleop.dir/src/opt_teleop.cpp.o[0m
[1.113s] [ 50%] Built target test_jacobian
[1.113s] [ 75%] Built target scaled_traj_publisher
[7.454s] [01m[K/home/utec/try_opt/src/ur5_scaled_sender/src/opt_teleop.cpp:[m[K In member function â€˜[01m[Kvoid OptTeleop::control_loop()[m[Kâ€™:
[7.454s] [01m[K/home/utec/try_opt/src/ur5_scaled_sender/src/opt_teleop.cpp:130:13:[m[K [01;31m[Kerror: [m[Kâ€˜[01m[Kstuck_count_[m[Kâ€™ was not declared in this scope
[7.454s]   130 |             [01;31m[Kstuck_count_[m[K = 0;
[7.455s]       |             [01;31m[K^~~~~~~~~~~~[m[K
[7.463s] [01m[K/home/utec/try_opt/src/ur5_scaled_sender/src/opt_teleop.cpp:136:13:[m[K [01;31m[Kerror: [m[Kâ€˜[01m[Kkin_[m[Kâ€™ was not declared in this scope
[7.463s]   136 |             [01;31m[Kkin_[m[K.compute(q_cmd_, T_ee, J);
[7.463s]       |             [01;31m[K^~~~[m[K
[7.470s] [01m[K/home/utec/try_opt/src/ur5_scaled_sender/src/opt_teleop.cpp:136:34:[m[K [01;31m[Kerror: [m[Kâ€˜[01m[KT_ee[m[Kâ€™ was not declared in this scope
[7.470s]   136 |             kin_.compute(q_cmd_, [01;31m[KT_ee[m[K, J);
[7.470s]       |                                  [01;31m[K^~~~[m[K
[7.479s] [01m[K/home/utec/try_opt/src/ur5_scaled_sender/src/opt_teleop.cpp:136:40:[m[K [01;31m[Kerror: [m[Kâ€˜[01m[KJ[m[Kâ€™ was not declared in this scope
[7.479s]   136 |             kin_.compute(q_cmd_, T_ee, [01;31m[KJ[m[K);
[7.479s]       |                                        [01;31m[K^[m[K
[7.777s] [01m[K/home/utec/try_opt/src/ur5_scaled_sender/src/opt_teleop.cpp:222:9:[m[K [01;31m[Kerror: [m[Kâ€˜[01m[Kkin_[m[Kâ€™ was not declared in this scope
[7.778s]   222 |         [01;31m[Kkin_[m[K.compute(q_cmd_, T_ee, J);
[7.778s]       |         [01;31m[K^~~~[m[K
[7.785s] [01m[K/home/utec/try_opt/src/ur5_scaled_sender/src/opt_teleop.cpp:222:30:[m[K [01;31m[Kerror: [m[Kâ€˜[01m[KT_ee[m[Kâ€™ was not declared in this scope
[7.785s]   222 |         kin_.compute(q_cmd_, [01;31m[KT_ee[m[K, J);
[7.785s]       |                              [01;31m[K^~~~[m[K
[7.794s] [01m[K/home/utec/try_opt/src/ur5_scaled_sender/src/opt_teleop.cpp:222:36:[m[K [01;31m[Kerror: [m[Kâ€˜[01m[KJ[m[Kâ€™ was not declared in this scope
[7.794s]   222 |         kin_.compute(q_cmd_, T_ee, [01;31m[KJ[m[K);
[7.795s]       |                                    [01;31m[K^[m[K
[25.163s] gmake[2]: *** [CMakeFiles/opt_teleop.dir/build.make:76: CMakeFiles/opt_teleop.dir/src/opt_teleop.cpp.o] Error 1
[25.163s] gmake[1]: *** [CMakeFiles/Makefile2:169: CMakeFiles/opt_teleop.dir/all] Error 2
[25.163s] gmake[1]: *** Waiting for unfinished jobs....
[47.683s] [ 87%] [32m[1mLinking CXX executable opt_teleop_pinocchio[0m
[49.974s] [ 87%] Built target opt_teleop_pinocchio
[49.975s] gmake: *** [Makefile:146: all] Error 2
[49.978s] Invoked command in '/home/utec/try_opt/build/ur5_scaled_sender' returned '2': CMAKE_PREFIX_PATH=/opt/ros/humble /usr/bin/cmake --build /home/utec/try_opt/build/ur5_scaled_sender -- -j8 -l8
